<?xml version="1.0" encoding="UTF-8"?>
<testng-results ignored="0" total="1" passed="1" failed="0" skipped="0">
  <reporter-output>
  </reporter-output>
  <suite started-at="2022-12-19T14:53:55 ICT" name="Default suite" finished-at="2022-12-19T14:54:08 ICT" duration-ms="12574">
    <groups>
    </groups>
    <test started-at="2022-12-19T14:53:55 ICT" name="Default test" finished-at="2022-12-19T14:54:08 ICT" duration-ms="12574">
      <class name="com.simplilearn.mavenproject.Testcase">
        <test-method signature="login()[pri:0, instance:com.simplilearn.mavenproject.Testcase@411f53a0]" started-at="2022-12-19T14:53:55 ICT" name="login" finished-at="2022-12-19T14:54:08 ICT" duration-ms="12545" status="PASS">
          <reporter-output>
          </reporter-output>
        </test-method> <!-- login -->
      </class> <!-- com.simplilearn.mavenproject.Testcase -->
    </test> <!-- Default test -->
  </suite> <!-- Default suite -->
</testng-results>
